app/build/intermediates/manifest_merge_blame_file/debug/manifest-merger-blame-debug-report.txt
1<?xml version="1.0" encoding="utf-8"?>
2<manifest xmlns:android="http://schemas.android.com/apk/res/android"
3    package="com.tencent.qcloud.tim.tuikit"
4    android:versionCode="1"
5    android:versionName="7.4.4643" >
6
7    <uses-sdk
8        android:minSdkVersion="19"
8-->src/main/AndroidManifest.xml
9        android:targetSdkVersion="30" />
9-->src/main/AndroidManifest.xml
10
11    <uses-feature android:name="android.hardware.camera" />
11-->[:tuiroomkit] AndroidManifest.xml:9:5-60
11-->[:tuiroomkit] AndroidManifest.xml:9:19-57
12    <uses-feature android:name="android.hardware.camera.autofocus" />
12-->[:tuiroomkit] AndroidManifest.xml:10:5-70
12-->[:tuiroomkit] AndroidManifest.xml:10:19-67
13
14    <uses-permission android:name="android.permission.INTERNET" />
14-->[:tuiroomkit] AndroidManifest.xml:12:5-67
14-->[:tuiroomkit] AndroidManifest.xml:12:22-64
15    <uses-permission android:name="android.permission.RECORD_AUDIO" />
15-->[:tuiroomkit] AndroidManifest.xml:13:5-71
15-->[:tuiroomkit] AndroidManifest.xml:13:22-68
16    <uses-permission android:name="android.permission.CAMERA" />
16-->[:tuiroomkit] AndroidManifest.xml:14:5-65
16-->[:tuiroomkit] AndroidManifest.xml:14:22-62
17    <uses-permission android:name="android.permission.SYSTEM_ALERT_WINDOW" />
17-->[:tuiroomkit] AndroidManifest.xml:15:5-78
17-->[:tuiroomkit] AndroidManifest.xml:15:22-75
18    <uses-permission android:name="android.permission.FOREGROUND_SERVICE" />
18-->[:tuiroomkit] AndroidManifest.xml:16:5-77
18-->[:tuiroomkit] AndroidManifest.xml:16:22-74
19    <uses-permission
19-->[:tuiroomkit] AndroidManifest.xml:17:5-81
20        android:name="android.permission.WRITE_EXTERNAL_STORAGE"
20-->[:tuiroomkit] AndroidManifest.xml:17:22-78
21        android:maxSdkVersion="28" />
21-->[:tuichat] AndroidManifest.xml:11:9-35
22    <uses-permission android:name="android.permission.WAKE_LOCK" />
22-->[:tuicallkit] AndroidManifest.xml:11:5-68
22-->[:tuicallkit] AndroidManifest.xml:11:22-65
23    <uses-permission android:name="android.permission.MODIFY_AUDIO_SETTINGS" />
23-->[:tuicallkit] AndroidManifest.xml:14:5-80
23-->[:tuicallkit] AndroidManifest.xml:14:22-77
24    <uses-permission
24-->[:tuicallkit] AndroidManifest.xml:20:5-22:38
25        android:name="android.permission.BLUETOOTH"
25-->[:tuicallkit] AndroidManifest.xml:21:9-52
26        android:maxSdkVersion="30" />
26-->[:tuicallkit] AndroidManifest.xml:22:9-35
27    <uses-permission
27-->[:tuicallkit] AndroidManifest.xml:23:5-25:38
28        android:name="android.permission.BLUETOOTH_ADMIN"
28-->[:tuicallkit] AndroidManifest.xml:24:9-58
29        android:maxSdkVersion="30" /> <!-- Support Android S(31) Bluetooth -->
29-->[:tuicallkit] AndroidManifest.xml:25:9-35
30    <uses-permission android:name="android.permission.BLUETOOTH_CONNECT" /> <!-- ********OPPO 推送 start******** -->
30-->[:tuicallkit] AndroidManifest.xml:27:5-76
30-->[:tuicallkit] AndroidManifest.xml:27:22-73
31    <uses-permission android:name="com.coloros.mcs.permission.RECIEVE_MCS_MESSAGE" />
31-->[:tuiofflinepush] AndroidManifest.xml:11:5-86
31-->[:tuiofflinepush] AndroidManifest.xml:11:22-83
32    <uses-permission android:name="com.heytap.mcs.permission.RECIEVE_MCS_MESSAGE" /> <!-- ********OPPO 推送 end******** -->
32-->[:tuiofflinepush] AndroidManifest.xml:12:5-85
32-->[:tuiofflinepush] AndroidManifest.xml:12:22-82
33    <!-- ********华为推送权限设置******** -->
34    <uses-permission android:name="com.huawei.android.launcher.permission.CHANGE_BADGE" /> <!-- ********小米推送权限设置******** -->
34-->[:tuiofflinepush] AndroidManifest.xml:17:5-91
34-->[:tuiofflinepush] AndroidManifest.xml:17:22-88
35    <permission
35-->[:tuiofflinepush] AndroidManifest.xml:20:5-22:47
36        android:name="com.tencent.qcloud.tim.tuikit.permission.MIPUSH_RECEIVE"
36-->[:tuiofflinepush] AndroidManifest.xml:21:9-66
37        android:protectionLevel="signature" />
37-->[:tuiofflinepush] AndroidManifest.xml:22:9-44
38
39    <uses-permission android:name="com.tencent.qcloud.tim.tuikit.permission.MIPUSH_RECEIVE" /> <!-- ********魅族推送权限设置******** -->
39-->[:tuiofflinepush] AndroidManifest.xml:24:5-82
39-->[:tuiofflinepush] AndroidManifest.xml:24:22-79
40    <!-- 兼容flyme5.0以下版本，魅族内部集成pushSDK必填，不然无法收到消息 -->
41    <uses-permission android:name="com.meizu.flyme.push.permission.RECEIVE" />
41-->[:tuiofflinepush] AndroidManifest.xml:28:5-79
41-->[:tuiofflinepush] AndroidManifest.xml:28:22-76
42
43    <permission
43-->[:tuiofflinepush] AndroidManifest.xml:30:5-32:47
44        android:name="com.tencent.qcloud.tim.tuikit.push.permission.MESSAGE"
44-->[:tuiofflinepush] AndroidManifest.xml:31:9-64
45        android:protectionLevel="signature" />
45-->[:tuiofflinepush] AndroidManifest.xml:32:9-44
46
47    <uses-permission android:name="com.tencent.qcloud.tim.tuikit.push.permission.MESSAGE" /> <!-- 兼容flyme3.0配置权限 -->
47-->[:tuiofflinepush] AndroidManifest.xml:34:5-80
47-->[:tuiofflinepush] AndroidManifest.xml:34:22-77
48    <uses-permission android:name="com.meizu.c2dm.permission.RECEIVE" />
48-->[:tuiofflinepush] AndroidManifest.xml:37:5-73
48-->[:tuiofflinepush] AndroidManifest.xml:37:22-70
49
50    <permission
50-->[:tuiofflinepush] AndroidManifest.xml:39:5-41:47
51        android:name="com.tencent.qcloud.tim.tuikit.permission.C2D_MESSAGE"
51-->[:tuiofflinepush] AndroidManifest.xml:40:9-63
52        android:protectionLevel="signature" />
52-->[:tuiofflinepush] AndroidManifest.xml:41:9-44
53
54    <uses-permission android:name="com.tencent.qcloud.tim.tuikit.permission.C2D_MESSAGE" />
54-->[:tuiofflinepush] AndroidManifest.xml:43:5-79
54-->[:tuiofflinepush] AndroidManifest.xml:43:22-76
55
56    <uses-feature
56-->[com.journeyapps:zxing-android-embedded:4.3.0] AndroidManifest.xml:28:5-30:36
57        android:name="android.hardware.camera.front"
57-->[com.journeyapps:zxing-android-embedded:4.3.0] AndroidManifest.xml:29:9-53
58        android:required="false" />
58-->[com.journeyapps:zxing-android-embedded:4.3.0] AndroidManifest.xml:30:9-33
59    <uses-feature
59-->[com.journeyapps:zxing-android-embedded:4.3.0] AndroidManifest.xml:36:5-38:36
60        android:name="android.hardware.camera.flash"
60-->[com.journeyapps:zxing-android-embedded:4.3.0] AndroidManifest.xml:37:9-53
61        android:required="false" />
61-->[com.journeyapps:zxing-android-embedded:4.3.0] AndroidManifest.xml:38:9-33
62    <uses-feature
62-->[com.journeyapps:zxing-android-embedded:4.3.0] AndroidManifest.xml:39:5-41:36
63        android:name="android.hardware.screen.landscape"
63-->[com.journeyapps:zxing-android-embedded:4.3.0] AndroidManifest.xml:40:9-57
64        android:required="false" />
64-->[com.journeyapps:zxing-android-embedded:4.3.0] AndroidManifest.xml:41:9-33
65    <uses-feature
65-->[com.journeyapps:zxing-android-embedded:4.3.0] AndroidManifest.xml:42:5-44:36
66        android:name="android.hardware.wifi"
66-->[com.journeyapps:zxing-android-embedded:4.3.0] AndroidManifest.xml:43:9-45
67        android:required="false" />
67-->[com.journeyapps:zxing-android-embedded:4.3.0] AndroidManifest.xml:44:9-33
68
69    <uses-permission android:name="android.permission.ACCESS_WIFI_STATE" />
69-->[com.tencent.liteav:LiteAVSDK_TRTC:11.3.0.13176] AndroidManifest.xml:11:5-76
69-->[com.tencent.liteav:LiteAVSDK_TRTC:11.3.0.13176] AndroidManifest.xml:11:22-73
70    <uses-permission android:name="android.permission.ACCESS_NETWORK_STATE" />
70-->[com.tencent.liteav:LiteAVSDK_TRTC:11.3.0.13176] AndroidManifest.xml:12:5-79
70-->[com.tencent.liteav:LiteAVSDK_TRTC:11.3.0.13176] AndroidManifest.xml:12:22-76
71    <uses-permission android:name="android.permission.POST_NOTIFICATIONS" /> <!-- Required by older versions of Google Play services to create IID tokens -->
71-->[com.google.firebase:firebase-messaging:23.1.2] AndroidManifest.xml:25:5-77
71-->[com.google.firebase:firebase-messaging:23.1.2] AndroidManifest.xml:25:22-74
72    <uses-permission android:name="com.google.android.c2dm.permission.RECEIVE" /> <!-- version 4.1.0 -->
72-->[com.google.firebase:firebase-messaging:23.1.2] AndroidManifest.xml:28:5-82
72-->[com.google.firebase:firebase-messaging:23.1.2] AndroidManifest.xml:28:22-79
73    <uses-permission android:name="com.meizu.flyme.permission.PUSH" />
73-->[com.tencent.tpns:meizu:1.3.3.3-release] AndroidManifest.xml:9:5-71
73-->[com.tencent.tpns:meizu:1.3.3.3-release] AndroidManifest.xml:9:22-68
74
75    <permission
75-->[com.huawei.hms:push:6.10.0.300] AndroidManifest.xml:9:5-11:47
76        android:name="com.tencent.qcloud.tim.tuikit.permission.PROCESS_PUSH_MSG"
76-->[com.huawei.hms:push:6.10.0.300] AndroidManifest.xml:10:9-68
77        android:protectionLevel="signature" /> <!-- PUSH_PROVIDER and PUSH_WRITE_PROVIDER are both provider registered permissions for the notification switch. -->
77-->[com.huawei.hms:push:6.10.0.300] AndroidManifest.xml:11:9-44
78    <!-- The SDK's notification bar switch, EMUI 9.x becomes write to the local sp, sharing the file through the provider to the push-rom, which reads the sp file to get the status of the notification bar switch. -->
79    <permission
79-->[com.huawei.hms:push:6.10.0.300] AndroidManifest.xml:14:5-16:47
80        android:name="com.tencent.qcloud.tim.tuikit.permission.PUSH_PROVIDER"
80-->[com.huawei.hms:push:6.10.0.300] AndroidManifest.xml:15:9-65
81        android:protectionLevel="signature" />
81-->[com.huawei.hms:push:6.10.0.300] AndroidManifest.xml:16:9-44
82    <permission
82-->[com.huawei.hms:push:6.10.0.300] AndroidManifest.xml:17:5-19:47
83        android:name="com.tencent.qcloud.tim.tuikit.permission.PUSH_WRITE_PROVIDER"
83-->[com.huawei.hms:push:6.10.0.300] AndroidManifest.xml:18:9-71
84        android:protectionLevel="signature" />
84-->[com.huawei.hms:push:6.10.0.300] AndroidManifest.xml:19:9-44
85
86    <uses-permission android:name="com.tencent.qcloud.tim.tuikit.permission.PROCESS_PUSH_MSG" />
86-->[com.huawei.hms:push:6.10.0.300] AndroidManifest.xml:21:5-84
86-->[com.huawei.hms:push:6.10.0.300] AndroidManifest.xml:21:22-81
87    <uses-permission android:name="com.tencent.qcloud.tim.tuikit.permission.PUSH_PROVIDER" />
87-->[com.huawei.hms:push:6.10.0.300] AndroidManifest.xml:22:5-81
87-->[com.huawei.hms:push:6.10.0.300] AndroidManifest.xml:22:22-78
88
89    <permission
89-->[com.tencent.tpns:honor:1.3.3.3-release] AndroidManifest.xml:9:5-11:55
90        android:name="com.tencent.qcloud.tim.tuikit.hihonor.permission.PROCESS_PUSH_MSG"
90-->[com.tencent.tpns:honor:1.3.3.3-release] AndroidManifest.xml:10:9-76
91        android:protectionLevel="signatureOrSystem" />
91-->[com.tencent.tpns:honor:1.3.3.3-release] AndroidManifest.xml:11:9-52
92
93    <uses-permission android:name="com.hihonor.push.permission.READ_PUSH_NOTIFICATION_INFO" />
93-->[com.tencent.tpns:honor:1.3.3.3-release] AndroidManifest.xml:13:5-95
93-->[com.tencent.tpns:honor:1.3.3.3-release] AndroidManifest.xml:13:22-92
94
95    <queries>
95-->[com.tencent.tpns:honor:1.3.3.3-release] AndroidManifest.xml:15:5-19:15
96        <intent>
96-->[com.tencent.tpns:honor:1.3.3.3-release] AndroidManifest.xml:16:9-18:18
97            <action android:name="com.hihonor.push.action.BIND_PUSH_SERVICE" />
97-->[com.tencent.tpns:honor:1.3.3.3-release] AndroidManifest.xml:17:13-80
97-->[com.tencent.tpns:honor:1.3.3.3-release] AndroidManifest.xml:17:21-77
98        </intent>
99        <intent>
99-->[com.huawei.hms:device:6.8.0.300] AndroidManifest.xml:15:9-17:18
100            <action android:name="com.huawei.hms.core.aidlservice" />
100-->[com.huawei.hms:device:6.8.0.300] AndroidManifest.xml:16:13-70
100-->[com.huawei.hms:device:6.8.0.300] AndroidManifest.xml:16:21-67
101        </intent>
102        <intent>
102-->[com.huawei.hms:device:6.8.0.300] AndroidManifest.xml:18:9-20:18
103            <action android:name="com.huawei.hms.core" />
103-->[com.huawei.hms:device:6.8.0.300] AndroidManifest.xml:19:13-58
103-->[com.huawei.hms:device:6.8.0.300] AndroidManifest.xml:19:21-55
104        </intent>
105    </queries>
106
107    <application
107-->src/main/AndroidManifest.xml:6:5-121:19
108        android:name="com.tencent.qcloud.tim.demo.DemoApplication"
108-->src/main/AndroidManifest.xml:7:9-40
109        android:allowBackup="false"
109-->src/main/AndroidManifest.xml:8:9-36
110        android:appComponentFactory="androidx.core.app.CoreComponentFactory"
110-->[androidx.core:core:1.5.0] AndroidManifest.xml:24:18-86
111        android:debuggable="true"
112        android:icon="@drawable/ic_launcher"
112-->src/main/AndroidManifest.xml:9:9-45
113        android:label="@string/demo_app_name"
113-->src/main/AndroidManifest.xml:10:9-46
114        android:supportsRtl="true"
114-->src/main/AndroidManifest.xml:11:9-35
115        android:theme="@style/DemoAppTheme"
115-->src/main/AndroidManifest.xml:12:9-44
116        android:usesCleartextTraffic="true" >
116-->[com.tencent.liteav:LiteAVSDK_TRTC:11.3.0.13176] AndroidManifest.xml:19:9-44
117        <activity
117-->src/main/AndroidManifest.xml:13:9-26:20
118            android:name="com.tencent.qcloud.tim.demo.login.LoginActivity"
118-->src/main/AndroidManifest.xml:14:13-48
119            android:exported="true"
119-->src/main/AndroidManifest.xml:16:13-36
120            android:screenOrientation="portrait"
120-->src/main/AndroidManifest.xml:15:13-49
121            android:theme="@style/SplashTheme" >
121-->src/main/AndroidManifest.xml:17:13-47
122            <intent-filter>
122-->src/main/AndroidManifest.xml:18:13-25:29
123                <action android:name="android.intent.action.VIEW" />
123-->src/main/AndroidManifest.xml:19:17-69
123-->src/main/AndroidManifest.xml:19:25-66
124                <action android:name="android.intent.action.MAIN" />
124-->src/main/AndroidManifest.xml:20:17-69
124-->src/main/AndroidManifest.xml:20:25-66
125                <action android:name="com.tencent.qloud.splash" />
125-->src/main/AndroidManifest.xml:21:17-67
125-->src/main/AndroidManifest.xml:21:25-64
126
127                <category android:name="android.intent.category.DEFAULT" />
127-->src/main/AndroidManifest.xml:23:17-76
127-->src/main/AndroidManifest.xml:23:27-73
128                <category android:name="android.intent.category.LAUNCHER" />
128-->src/main/AndroidManifest.xml:24:17-77
128-->src/main/AndroidManifest.xml:24:27-74
129            </intent-filter>
130        </activity>
131        <activity
131-->src/main/AndroidManifest.xml:28:9-31:40
132            android:name="com.tencent.qcloud.tim.demo.about.AboutActivity"
132-->src/main/AndroidManifest.xml:29:13-48
133            android:exported="false"
133-->src/main/AndroidManifest.xml:31:13-37
134            android:screenOrientation="portrait" />
134-->src/main/AndroidManifest.xml:30:13-49
135        <activity
135-->src/main/AndroidManifest.xml:33:9-37:40
136            android:name="com.tencent.qcloud.tim.demo.main.MyQrcodeActivity"
136-->src/main/AndroidManifest.xml:34:13-50
137            android:exported="false"
137-->src/main/AndroidManifest.xml:37:13-37
138            android:launchMode="standard"
138-->src/main/AndroidManifest.xml:36:13-42
139            android:screenOrientation="portrait" />
139-->src/main/AndroidManifest.xml:35:13-49
140        <activity
140-->src/main/AndroidManifest.xml:39:9-43:40
141            android:name="com.tencent.qcloud.tim.demo.QrCaptureActivity"
141-->src/main/AndroidManifest.xml:40:13-46
142            android:exported="false"
142-->src/main/AndroidManifest.xml:43:13-37
143            android:launchMode="singleInstance"
143-->src/main/AndroidManifest.xml:42:13-48
144            android:screenOrientation="portrait" />
144-->src/main/AndroidManifest.xml:41:13-49
145        <activity
145-->src/main/AndroidManifest.xml:45:9-48:52
146            android:name="com.tencent.qcloud.tim.demo.login.LoginForDevActivity"
146-->src/main/AndroidManifest.xml:46:13-54
147            android:launchMode="singleTask"
147-->src/main/AndroidManifest.xml:47:13-44
148            android:screenOrientation="portrait" />
148-->src/main/AndroidManifest.xml:48:13-49
149        <activity
149-->src/main/AndroidManifest.xml:50:9-54:40
150            android:name="com.tencent.qcloud.tim.demo.login.RegisterActivity"
150-->src/main/AndroidManifest.xml:51:13-51
151            android:exported="false"
151-->src/main/AndroidManifest.xml:54:13-37
152            android:launchMode="singleInstance"
152-->src/main/AndroidManifest.xml:53:13-48
153            android:screenOrientation="portrait" />
153-->src/main/AndroidManifest.xml:52:13-49
154
155        <provider
156            android:name="com.tencent.qcloud.tim.demo.TIMAppService"
156-->src/main/AndroidManifest.xml:57:13-42
157            android:authorities="com.tencent.qcloud.tim.tuikit.TIMApp.Init"
157-->src/main/AndroidManifest.xml:58:13-63
158            android:enabled="true"
158-->src/main/AndroidManifest.xml:59:13-35
159            android:exported="false" />
159-->src/main/AndroidManifest.xml:60:13-37
160
161        <activity
161-->src/main/AndroidManifest.xml:63:9-64:51
162            android:name="com.tencent.qcloud.tim.demo.login.ThemeSelectActivity"
162-->src/main/AndroidManifest.xml:63:19-60
163            android:screenOrientation="portrait" />
163-->src/main/AndroidManifest.xml:64:13-49
164        <activity
164-->src/main/AndroidManifest.xml:66:9-67:51
165            android:name="com.tencent.qcloud.tim.demo.login.StyleSelectActivity"
165-->src/main/AndroidManifest.xml:66:19-60
166            android:screenOrientation="portrait" />
166-->src/main/AndroidManifest.xml:67:13-49
167        <activity
167-->src/main/AndroidManifest.xml:69:9-70:51
168            android:name="com.tencent.qcloud.tim.demo.login.LanguageSelectActivity"
168-->src/main/AndroidManifest.xml:69:19-63
169            android:screenOrientation="portrait" />
169-->src/main/AndroidManifest.xml:70:13-49
170        <activity
170-->src/main/AndroidManifest.xml:71:9-88:20
171            android:name="com.tencent.qcloud.tim.demo.main.MainActivity"
171-->src/main/AndroidManifest.xml:72:13-46
172            android:exported="true"
172-->src/main/AndroidManifest.xml:75:13-36
173            android:launchMode="singleTask"
173-->src/main/AndroidManifest.xml:73:13-44
174            android:screenOrientation="portrait"
174-->src/main/AndroidManifest.xml:74:13-49
175            android:theme="@style/DemoAppTheme"
175-->src/main/AndroidManifest.xml:76:13-48
176            android:windowSoftInputMode="adjustResize|stateHidden" >
176-->src/main/AndroidManifest.xml:77:13-67
177            <intent-filter>
177-->src/main/AndroidManifest.xml:79:13-87:29
178                <action android:name="android.intent.action.VIEW" />
178-->src/main/AndroidManifest.xml:19:17-69
178-->src/main/AndroidManifest.xml:19:25-66
179
180                <category android:name="android.intent.category.DEFAULT" />
180-->src/main/AndroidManifest.xml:23:17-76
180-->src/main/AndroidManifest.xml:23:27-73
181                <category android:name="android.intent.category.BROWSABLE" />
181-->src/main/AndroidManifest.xml:82:17-78
181-->src/main/AndroidManifest.xml:82:27-75
182
183                <data
183-->src/main/AndroidManifest.xml:83:17-86:51
184                    android:host="com.tencent.qcloud"
184-->src/main/AndroidManifest.xml:84:21-54
185                    android:path="/detail"
185-->src/main/AndroidManifest.xml:85:21-43
186                    android:scheme="pushscheme" />
186-->src/main/AndroidManifest.xml:86:21-48
187            </intent-filter>
188        </activity>
189        <activity
189-->src/main/AndroidManifest.xml:90:9-92:52
190            android:name="com.tencent.qcloud.tim.demo.profile.SelfDetailActivity"
190-->src/main/AndroidManifest.xml:91:13-55
191            android:screenOrientation="portrait" />
191-->src/main/AndroidManifest.xml:92:13-49
192        <activity
192-->src/main/AndroidManifest.xml:93:9-94:52
193            android:name="com.tencent.qcloud.tim.demo.profile.AboutIMActivity"
193-->src/main/AndroidManifest.xml:93:19-58
194            android:screenOrientation="portrait" />
194-->src/main/AndroidManifest.xml:94:13-49
195        <activity
195-->src/main/AndroidManifest.xml:96:9-113:20
196            android:name="com.tencent.qcloud.tim.demo.main.MainMinimalistActivity"
196-->src/main/AndroidManifest.xml:97:13-56
197            android:exported="true"
197-->src/main/AndroidManifest.xml:100:13-36
198            android:launchMode="singleTask"
198-->src/main/AndroidManifest.xml:98:13-44
199            android:screenOrientation="portrait"
199-->src/main/AndroidManifest.xml:99:13-49
200            android:theme="@style/DemoAppTheme"
200-->src/main/AndroidManifest.xml:101:13-48
201            android:windowSoftInputMode="adjustResize|stateHidden" >
201-->src/main/AndroidManifest.xml:102:13-67
202            <intent-filter>
202-->src/main/AndroidManifest.xml:79:13-87:29
203                <action android:name="android.intent.action.VIEW" />
203-->src/main/AndroidManifest.xml:19:17-69
203-->src/main/AndroidManifest.xml:19:25-66
204
205                <category android:name="android.intent.category.DEFAULT" />
205-->src/main/AndroidManifest.xml:23:17-76
205-->src/main/AndroidManifest.xml:23:27-73
206                <category android:name="android.intent.category.BROWSABLE" />
206-->src/main/AndroidManifest.xml:82:17-78
206-->src/main/AndroidManifest.xml:82:27-75
207
208                <data
208-->src/main/AndroidManifest.xml:83:17-86:51
209                    android:host="com.tencent.qcloud"
209-->src/main/AndroidManifest.xml:84:21-54
210                    android:path="/detail"
210-->src/main/AndroidManifest.xml:85:21-43
211                    android:scheme="pushscheme" />
211-->src/main/AndroidManifest.xml:86:21-48
212            </intent-filter>
213        </activity>
214        <activity
214-->src/main/AndroidManifest.xml:114:9-116:52
215            android:name="com.tencent.qcloud.tim.demo.profile.SelfDetailMinamalistActivity"
215-->src/main/AndroidManifest.xml:115:13-65
216            android:screenOrientation="portrait" />
216-->src/main/AndroidManifest.xml:116:13-49
217        <activity
217-->src/main/AndroidManifest.xml:117:9-118:52
218            android:name="com.tencent.qcloud.tim.demo.profile.AboutIMMinamalistActivity"
218-->src/main/AndroidManifest.xml:117:19-68
219            android:screenOrientation="portrait" />
219-->src/main/AndroidManifest.xml:118:13-49
220        <activity
220-->[:tuicommunity] AndroidManifest.xml:10:9-14:70
221            android:name="com.tencent.qcloud.tuikit.tuicommunity.ui.page.TopicInfoActivity"
221-->[:tuicommunity] AndroidManifest.xml:11:13-92
222            android:exported="false"
222-->[:tuicommunity] AndroidManifest.xml:12:13-37
223            android:screenOrientation="portrait"
223-->[:tuicommunity] AndroidManifest.xml:13:13-49
224            android:windowSoftInputMode="adjustResize|stateHidden" />
224-->[:tuicommunity] AndroidManifest.xml:14:13-67
225        <activity
225-->[:tuicommunity] AndroidManifest.xml:15:9-19:70
226            android:name="com.tencent.qcloud.tuikit.tuicommunity.ui.page.CommunitySettingsActivity"
226-->[:tuicommunity] AndroidManifest.xml:16:13-100
227            android:exported="false"
227-->[:tuicommunity] AndroidManifest.xml:17:13-37
228            android:screenOrientation="portrait"
228-->[:tuicommunity] AndroidManifest.xml:18:13-49
229            android:windowSoftInputMode="adjustResize|stateHidden" />
229-->[:tuicommunity] AndroidManifest.xml:19:13-67
230        <activity
230-->[:tuicommunity] AndroidManifest.xml:20:9-24:70
231            android:name="com.tencent.qcloud.tuikit.tuicommunity.ui.page.CreateTopicActivity"
231-->[:tuicommunity] AndroidManifest.xml:21:13-94
232            android:exported="false"
232-->[:tuicommunity] AndroidManifest.xml:22:13-37
233            android:screenOrientation="portrait"
233-->[:tuicommunity] AndroidManifest.xml:23:13-49
234            android:windowSoftInputMode="adjustResize|stateHidden" />
234-->[:tuicommunity] AndroidManifest.xml:24:13-67
235        <activity
235-->[:tuicommunity] AndroidManifest.xml:25:9-29:70
236            android:name="com.tencent.qcloud.tuikit.tuicommunity.ui.page.CommunityMemberActivity"
236-->[:tuicommunity] AndroidManifest.xml:26:13-98
237            android:exported="false"
237-->[:tuicommunity] AndroidManifest.xml:27:13-37
238            android:screenOrientation="portrait"
238-->[:tuicommunity] AndroidManifest.xml:28:13-49
239            android:windowSoftInputMode="adjustResize|stateHidden" />
239-->[:tuicommunity] AndroidManifest.xml:29:13-67
240        <activity
240-->[:tuicommunity] AndroidManifest.xml:30:9-34:70
241            android:name="com.tencent.qcloud.tuikit.tuicommunity.ui.page.JoinCommunityActivity"
241-->[:tuicommunity] AndroidManifest.xml:31:13-96
242            android:exported="false"
242-->[:tuicommunity] AndroidManifest.xml:32:13-37
243            android:screenOrientation="portrait"
243-->[:tuicommunity] AndroidManifest.xml:33:13-49
244            android:windowSoftInputMode="adjustResize|stateHidden" />
244-->[:tuicommunity] AndroidManifest.xml:34:13-67
245        <activity
245-->[:tuicommunity] AndroidManifest.xml:35:9-39:70
246            android:name="com.tencent.qcloud.tuikit.tuicommunity.ui.page.CreateCommunityActivity"
246-->[:tuicommunity] AndroidManifest.xml:36:13-98
247            android:exported="false"
247-->[:tuicommunity] AndroidManifest.xml:37:13-37
248            android:screenOrientation="portrait"
248-->[:tuicommunity] AndroidManifest.xml:38:13-49
249            android:windowSoftInputMode="adjustResize|stateHidden" />
249-->[:tuicommunity] AndroidManifest.xml:39:13-67
250
251        <provider
251-->[:tuicommunity] AndroidManifest.xml:41:9-45:40
252            android:name="com.tencent.qcloud.tuikit.tuicommunity.TUICommunityService"
252-->[:tuicommunity] AndroidManifest.xml:42:13-86
253            android:authorities="com.tencent.qcloud.tim.tuikit.TUICommunity.Init"
253-->[:tuicommunity] AndroidManifest.xml:43:13-69
254            android:enabled="true"
254-->[:tuicommunity] AndroidManifest.xml:44:13-35
255            android:exported="false" />
255-->[:tuicommunity] AndroidManifest.xml:45:13-37
256        <provider
256-->[:tuiconversation] AndroidManifest.xml:10:9-14:40
257            android:name="com.tencent.qcloud.tuikit.tuiconversation.TUIConversationService"
257-->[:tuiconversation] AndroidManifest.xml:11:13-92
258            android:authorities="com.tencent.qcloud.tim.tuikit.TUIConversation.Init"
258-->[:tuiconversation] AndroidManifest.xml:12:13-72
259            android:enabled="true"
259-->[:tuiconversation] AndroidManifest.xml:13:13-35
260            android:exported="false" /> <!-- **************** Classic UI Activity Start **************** -->
260-->[:tuiconversation] AndroidManifest.xml:14:13-37
261        <activity
261-->[:tuiconversation] AndroidManifest.xml:17:9-19:52
262            android:name="com.tencent.qcloud.tuikit.tuiconversation.classicui.page.TUIForwardSelectActivity"
262-->[:tuiconversation] AndroidManifest.xml:18:13-109
263            android:screenOrientation="portrait" />
263-->[:tuiconversation] AndroidManifest.xml:19:13-49
264        <activity
264-->[:tuiconversation] AndroidManifest.xml:20:9-22:52
265            android:name="com.tencent.qcloud.tuikit.tuiconversation.classicui.page.TUIFoldedConversationActivity"
265-->[:tuiconversation] AndroidManifest.xml:21:13-114
266            android:screenOrientation="portrait" /> <!-- **************** Classic UI Activity End **************** -->
266-->[:tuiconversation] AndroidManifest.xml:22:13-49
267        <!-- **************** Minimalist UI Activity Start **************** -->
268        <activity
268-->[:tuiconversation] AndroidManifest.xml:27:9-30:78
269            android:name="com.tencent.qcloud.tuikit.tuiconversation.minimalistui.page.TUIForwardSelectMinimalistActivity"
269-->[:tuiconversation] AndroidManifest.xml:28:13-122
270            android:screenOrientation="portrait"
270-->[:tuiconversation] AndroidManifest.xml:29:13-49
271            android:theme="@style/ConversationTransparentPopActivityStyle" />
271-->[:tuiconversation] AndroidManifest.xml:30:13-75
272        <activity
272-->[:tuiconversation] AndroidManifest.xml:31:9-33:52
273            android:name="com.tencent.qcloud.tuikit.tuiconversation.minimalistui.page.TUIFoldedConversationMinimalistActivity"
273-->[:tuiconversation] AndroidManifest.xml:32:13-127
274            android:screenOrientation="portrait" />
274-->[:tuiconversation] AndroidManifest.xml:33:13-49
275
276        <provider
276-->[:tuicontact] AndroidManifest.xml:10:9-14:40
277            android:name="com.tencent.qcloud.tuikit.tuicontact.TUIContactService"
277-->[:tuicontact] AndroidManifest.xml:11:13-82
278            android:authorities="com.tencent.qcloud.tim.tuikit.TUIContact.Init"
278-->[:tuicontact] AndroidManifest.xml:12:13-67
279            android:enabled="true"
279-->[:tuicontact] AndroidManifest.xml:13:13-35
280            android:exported="false" /> <!-- **************** Classic UI Activity Start **************** -->
280-->[:tuicontact] AndroidManifest.xml:14:13-37
281        <activity
281-->[:tuicontact] AndroidManifest.xml:17:9-19:52
282            android:name="com.tencent.qcloud.tuikit.tuicontact.classicui.pages.AddMoreActivity"
282-->[:tuicontact] AndroidManifest.xml:18:13-96
283            android:screenOrientation="portrait" />
283-->[:tuicontact] AndroidManifest.xml:19:13-49
284        <activity
284-->[:tuicontact] AndroidManifest.xml:20:9-22:52
285            android:name="com.tencent.qcloud.tuikit.tuicontact.classicui.pages.FriendProfileActivity"
285-->[:tuicontact] AndroidManifest.xml:21:13-102
286            android:screenOrientation="portrait" />
286-->[:tuicontact] AndroidManifest.xml:22:13-49
287        <activity
287-->[:tuicontact] AndroidManifest.xml:23:9-25:52
288            android:name="com.tencent.qcloud.tuikit.tuicontact.classicui.pages.NewFriendActivity"
288-->[:tuicontact] AndroidManifest.xml:24:13-98
289            android:screenOrientation="portrait" />